This is pdfTeX, Version 3.141592653-2.6-1.40.24 (MiKTeX 22.3) (preloaded format=pdflatex 2022.4.19)  25 APR 2022 14:39
entering extended mode
 restricted \write18 enabled.
 file:line:error style messages enabled.
 %&-line parsing enabled.
**"d:/Garapan/Sistem Manajemen Basis Data/SQL-Practice/Laporan/laporan.tex"
(d:/Garapan/Sistem Manajemen Basis Data/SQL-Practice/Laporan/laporan.tex
LaTeX2e <2021-11-15> patch level 1
L3 programming layer <2022-02-24> (C:\Program Files\MiKTeX\tex/latex/base\article.cls
Document Class: article 2021/10/04 v1.4n Standard LaTeX document class
(C:\Program Files\MiKTeX\tex/latex/base\size10.clo
File: size10.clo 2021/10/04 v1.4n Standard LaTeX file (size option)
)
\c@part=\count185
\c@section=\count186
\c@subsection=\count187
\c@subsubsection=\count188
\c@paragraph=\count189
\c@subparagraph=\count190
\c@figure=\count191
\c@table=\count192
\abovecaptionskip=\skip47
\belowcaptionskip=\skip48
\bibindent=\dimen138
) (C:\Program Files\MiKTeX\tex/latex/xcolor\xcolor.sty
Package: xcolor 2021/10/31 v2.13 LaTeX color extensions (UK)
 (C:\Program Files\MiKTeX\tex/latex/graphics-cfg\color.cfg
File: color.cfg 2016/01/02 v1.6 sample color configuration
)
Package xcolor Info: Driver file: pdftex.def on input line 227.
 (C:\Program Files\MiKTeX\tex/latex/graphics-def\pdftex.def
File: pdftex.def 2020/10/05 v1.2a Graphics/color driver for pdftex
)
Package xcolor Info: Model `cmy' substituted by `cmy0' on input line 1352.
Package xcolor Info: Model `hsb' substituted by `rgb' on input line 1356.
Package xcolor Info: Model `RGB' extended on input line 1368.
Package xcolor Info: Model `HTML' substituted by `rgb' on input line 1370.
Package xcolor Info: Model `Hsb' substituted by `hsb' on input line 1371.
Package xcolor Info: Model `tHsb' substituted by `hsb' on input line 1372.
Package xcolor Info: Model `HSB' substituted by `hsb' on input line 1373.
Package xcolor Info: Model `Gray' substituted by `gray' on input line 1374.
Package xcolor Info: Model `wave' substituted by `hsb' on input line 1375.
) (C:\Program Files\MiKTeX\tex/latex/listings\listings.sty (C:\Program Files\MiKTeX\tex/latex/graphics\keyval.sty
Package: keyval 2014/10/28 v1.15 key=value parser (DPC)
\KV@toks@=\toks16
)
\lst@mode=\count193
\lst@gtempboxa=\box50
\lst@token=\toks17
\lst@length=\count194
\lst@currlwidth=\dimen139
\lst@column=\count195
\lst@pos=\count196
\lst@lostspace=\dimen140
\lst@width=\dimen141
\lst@newlines=\count197
\lst@lineno=\count198
\lst@maxwidth=\dimen142
 (C:\Program Files\MiKTeX\tex/latex/listings\lstmisc.sty
File: lstmisc.sty 2020/03/24 1.8d (Carsten Heinz)
\c@lstnumber=\count199
\lst@skipnumbers=\count266
\lst@framebox=\box51
) (C:\Program Files\MiKTeX\tex/latex/listings\listings.cfg
File: listings.cfg 2020/03/24 1.8d listings configuration
))
Package: listings 2020/03/24 1.8d (Carsten Heinz)
 (C:\Program Files\MiKTeX\tex/latex/graphics\graphicx.sty
Package: graphicx 2021/09/16 v1.2d Enhanced LaTeX Graphics (DPC,SPQR)
 (C:\Program Files\MiKTeX\tex/latex/graphics\graphics.sty
Package: graphics 2021/03/04 v1.4d Standard LaTeX Graphics (DPC,SPQR)
 (C:\Program Files\MiKTeX\tex/latex/graphics\trig.sty
Package: trig 2021/08/11 v1.11 sin cos tan (DPC)
) (C:\Program Files\MiKTeX\tex/latex/graphics-cfg\graphics.cfg
File: graphics.cfg 2016/06/04 v1.11 sample graphics configuration
)
Package graphics Info: Driver file: pdftex.def on input line 107.
)
\Gin@req@height=\dimen143
\Gin@req@width=\dimen144
) (C:\Program Files\MiKTeX\tex/latex/l3backend\l3backend-pdftex.def
File: l3backend-pdftex.def 2022-02-07 L3 backend support: PDF output (pdfTeX)
\l__color_backend_stack_int=\count267
\l__pdf_internal_box=\box52
) (laporan.aux)
\openout1 = `laporan.aux'.

LaTeX Font Info:    Checking defaults for OML/cmm/m/it on input line 34.
LaTeX Font Info:    ... okay on input line 34.
LaTeX Font Info:    Checking defaults for OMS/cmsy/m/n on input line 34.
LaTeX Font Info:    ... okay on input line 34.
LaTeX Font Info:    Checking defaults for OT1/cmr/m/n on input line 34.
LaTeX Font Info:    ... okay on input line 34.
LaTeX Font Info:    Checking defaults for T1/cmr/m/n on input line 34.
LaTeX Font Info:    ... okay on input line 34.
LaTeX Font Info:    Checking defaults for TS1/cmr/m/n on input line 34.
LaTeX Font Info:    ... okay on input line 34.
LaTeX Font Info:    Checking defaults for OMX/cmex/m/n on input line 34.
LaTeX Font Info:    ... okay on input line 34.
LaTeX Font Info:    Checking defaults for U/cmr/m/n on input line 34.
LaTeX Font Info:    ... okay on input line 34.
 (C:\Program Files\MiKTeX\tex/context/base/mkii\supp-pdf.mkii
[Loading MPS to PDF converter (version 2006.09.02).]
\scratchcounter=\count268
\scratchdimen=\dimen145
\scratchbox=\box53
\nofMPsegments=\count269
\nofMParguments=\count270
\everyMPshowfont=\toks18
\MPscratchCnt=\count271
\MPscratchDim=\dimen146
\MPnumerator=\count272
\makeMPintoPDFobject=\count273
\everyMPtoPDFconversion=\toks19
) (C:\Program Files\MiKTeX\tex/latex/epstopdf-pkg\epstopdf-base.sty
Package: epstopdf-base 2020-01-24 v2.11 Base part for package epstopdf
Package epstopdf-base Info: Redefining graphics rule for `.eps' on input line 485.
 (C:\Program Files\MiKTeX\tex/latex/00miktex\epstopdf-sys.cfg
File: epstopdf-sys.cfg 2021/03/18 v2.0 Configuration of epstopdf for MiKTeX
))
\c@lstlisting=\count274
LaTeX Font Info:    External font `cmex10' loaded for size
(Font)              <12> on input line 36.
LaTeX Font Info:    External font `cmex10' loaded for size
(Font)              <8> on input line 36.
LaTeX Font Info:    External font `cmex10' loaded for size
(Font)              <6> on input line 36.
 (C:\Program Files\MiKTeX\tex/latex/listings\lstlang1.sty
File: lstlang1.sty 2020/03/24 1.8d listings language file
) (../Easy-1.sql)
<./Screenshot/Easy-1.png, id=1, 963.6pt x 542.025pt>
File: ./Screenshot/Easy-1.png Graphic file (type png)
<use ./Screenshot/Easy-1.png>
Package pdftex.def Info: ./Screenshot/Easy-1.png  used on input line 50.
(pdftex.def)             Requested size: 289.08223pt x 162.60875pt.
 [1

{C:/Users/Dani/AppData/Local/MiKTeX/fonts/map/pdftex/pdftex.map} <./Screenshot/Easy-1.png>] (../Easy-2.sql)
<./Screenshot/Easy-2.png, id=16, 963.6pt x 542.025pt>
File: ./Screenshot/Easy-2.png Graphic file (type png)
<use ./Screenshot/Easy-2.png>
Package pdftex.def Info: ./Screenshot/Easy-2.png  used on input line 63.
(pdftex.def)             Requested size: 289.08223pt x 162.60875pt.
 (../Easy-3.sql) [2 <./Screenshot/Easy-2.png>]
<./Screenshot/Easy-3.png, id=21, 963.6pt x 542.025pt>
File: ./Screenshot/Easy-3.png Graphic file (type png)
<use ./Screenshot/Easy-3.png>
Package pdftex.def Info: ./Screenshot/Easy-3.png  used on input line 77.
(pdftex.def)             Requested size: 289.08223pt x 162.60875pt.
 (../Easy-4.sql)
<./Screenshot/Easy-4.png, id=22, 963.6pt x 542.025pt>
File: ./Screenshot/Easy-4.png Graphic file (type png)
<use ./Screenshot/Easy-4.png>
Package pdftex.def Info: ./Screenshot/Easy-4.png  used on input line 90.
(pdftex.def)             Requested size: 289.08223pt x 162.60875pt.
 [3 <./Screenshot/Easy-3.png> <./Screenshot/Easy-4.png>] (../Easy-5.sql)
<./Screenshot/Easy-5.png, id=28, 963.6pt x 542.025pt>
File: ./Screenshot/Easy-5.png Graphic file (type png)
<use ./Screenshot/Easy-5.png>
Package pdftex.def Info: ./Screenshot/Easy-5.png  used on input line 104.
(pdftex.def)             Requested size: 289.08223pt x 162.60875pt.
 (../Easy-6.sql) [4 <./Screenshot/Easy-5.png>]
<./Screenshot/Easy-6.png, id=33, 963.6pt x 542.025pt>
File: ./Screenshot/Easy-6.png Graphic file (type png)
<use ./Screenshot/Easy-6.png>
Package pdftex.def Info: ./Screenshot/Easy-6.png  used on input line 117.
(pdftex.def)             Requested size: 289.08223pt x 162.60875pt.
 (../Easy-7.sql) [5 <./Screenshot/Easy-6.png>]
<./Screenshot/Easy-7.png, id=38, 963.6pt x 542.025pt>
File: ./Screenshot/Easy-7.png Graphic file (type png)
<use ./Screenshot/Easy-7.png>
Package pdftex.def Info: ./Screenshot/Easy-7.png  used on input line 132.
(pdftex.def)             Requested size: 289.08223pt x 162.60875pt.
 (../Easy-8.sql)
<./Screenshot/Easy-8.png, id=39, 963.6pt x 542.025pt>
File: ./Screenshot/Easy-8.png Graphic file (type png)
<use ./Screenshot/Easy-8.png>
Package pdftex.def Info: ./Screenshot/Easy-8.png  used on input line 145.
(pdftex.def)             Requested size: 289.08223pt x 162.60875pt.
 [6 <./Screenshot/Easy-7.png> <./Screenshot/Easy-8.png>] (../Easy-9.sql)
<./Screenshot/Easy-9.png, id=45, 963.6pt x 542.025pt>
File: ./Screenshot/Easy-9.png Graphic file (type png)
<use ./Screenshot/Easy-9.png>
Package pdftex.def Info: ./Screenshot/Easy-9.png  used on input line 158.
(pdftex.def)             Requested size: 289.08223pt x 162.60875pt.
 (../Easy-10.sql) [7 <./Screenshot/Easy-9.png>]
<./Screenshot/Easy-10.png, id=51, 963.6pt x 542.025pt>
File: ./Screenshot/Easy-10.png Graphic file (type png)
<use ./Screenshot/Easy-10.png>
Package pdftex.def Info: ./Screenshot/Easy-10.png  used on input line 172.
(pdftex.def)             Requested size: 289.08223pt x 162.60875pt.
 (../Easy-11.sql)
<./Screenshot/Easy-11.png, id=52, 963.6pt x 542.025pt>
File: ./Screenshot/Easy-11.png Graphic file (type png)
<use ./Screenshot/Easy-11.png>
Package pdftex.def Info: ./Screenshot/Easy-11.png  used on input line 184.
(pdftex.def)             Requested size: 289.08223pt x 162.60875pt.
 [8 <./Screenshot/Easy-10.png> <./Screenshot/Easy-11.png>] (../Medium-1.sql)
<./Screenshot/Medium-1.png, id=58, 963.6pt x 542.025pt>
File: ./Screenshot/Medium-1.png Graphic file (type png)
<use ./Screenshot/Medium-1.png>
Package pdftex.def Info: ./Screenshot/Medium-1.png  used on input line 202.
(pdftex.def)             Requested size: 289.08223pt x 162.60875pt.
 (../Medium-2.sql) [9 <./Screenshot/Medium-1.png>]
<./Screenshot/Medium-2.png, id=63, 963.6pt x 542.025pt>
File: ./Screenshot/Medium-2.png Graphic file (type png)
<use ./Screenshot/Medium-2.png>
Package pdftex.def Info: ./Screenshot/Medium-2.png  used on input line 217.
(pdftex.def)             Requested size: 289.08223pt x 162.60875pt.
 (../Medium-3.sql) [10 <./Screenshot/Medium-2.png>]
<./Screenshot/Medium-3.png, id=68, 963.6pt x 542.025pt>
File: ./Screenshot/Medium-3.png Graphic file (type png)
<use ./Screenshot/Medium-3.png>
Package pdftex.def Info: ./Screenshot/Medium-3.png  used on input line 231.
(pdftex.def)             Requested size: 289.08223pt x 162.60875pt.
 (../Medium-4.sql) [11 <./Screenshot/Medium-3.png>]
<./Screenshot/Medium-4.png, id=73, 963.6pt x 542.025pt>
File: ./Screenshot/Medium-4.png Graphic file (type png)
<use ./Screenshot/Medium-4.png>
Package pdftex.def Info: ./Screenshot/Medium-4.png  used on input line 248.
(pdftex.def)             Requested size: 289.08223pt x 162.60875pt.
 (../Medium-5.sql)
<./Screenshot/Medium-5.png, id=74, 963.6pt x 542.025pt>
File: ./Screenshot/Medium-5.png Graphic file (type png)
<use ./Screenshot/Medium-5.png>
Package pdftex.def Info: ./Screenshot/Medium-5.png  used on input line 262.
(pdftex.def)             Requested size: 289.08223pt x 162.60875pt.
 [12 <./Screenshot/Medium-4.png> <./Screenshot/Medium-5.png>] (../Medium-6.sql)
<./Screenshot/Medium-6.png, id=80, 963.6pt x 542.025pt>
File: ./Screenshot/Medium-6.png Graphic file (type png)
<use ./Screenshot/Medium-6.png>
Package pdftex.def Info: ./Screenshot/Medium-6.png  used on input line 274.
(pdftex.def)             Requested size: 289.08223pt x 162.60875pt.
 (../Medium-7.sql)
<./Screenshot/Medium-7.png, id=81, 963.6pt x 542.025pt>
File: ./Screenshot/Medium-7.png Graphic file (type png)
<use ./Screenshot/Medium-7.png>
Package pdftex.def Info: ./Screenshot/Medium-7.png  used on input line 288.
(pdftex.def)             Requested size: 289.08223pt x 162.60875pt.
 [13 <./Screenshot/Medium-6.png>] (../Medium-8.sql) [14 <./Screenshot/Medium-7.png>]
<./Screenshot/Medium-8.png, id=91, 963.6pt x 542.025pt>
File: ./Screenshot/Medium-8.png Graphic file (type png)
<use ./Screenshot/Medium-8.png>
Package pdftex.def Info: ./Screenshot/Medium-8.png  used on input line 303.
(pdftex.def)             Requested size: 289.08223pt x 162.60875pt.
 (../Medium-9.sql) [15 <./Screenshot/Medium-8.png>]
<./Screenshot/Medium-9.png, id=96, 963.6pt x 542.025pt>
File: ./Screenshot/Medium-9.png Graphic file (type png)
<use ./Screenshot/Medium-9.png>
Package pdftex.def Info: ./Screenshot/Medium-9.png  used on input line 318.
(pdftex.def)             Requested size: 289.08223pt x 162.60875pt.
 (../Medium-10.sql) [16 <./Screenshot/Medium-9.png>]
<./Screenshot/Medium-10.png, id=101, 963.6pt x 542.025pt>
File: ./Screenshot/Medium-10.png Graphic file (type png)
<use ./Screenshot/Medium-10.png>
Package pdftex.def Info: ./Screenshot/Medium-10.png  used on input line 340.
(pdftex.def)             Requested size: 289.08223pt x 162.60875pt.
 (../Medium-11.sql) [17 <./Screenshot/Medium-10.png>]
<./Screenshot/Medium-11.png, id=106, 963.6pt x 542.025pt>
File: ./Screenshot/Medium-11.png Graphic file (type png)
<use ./Screenshot/Medium-11.png>
Package pdftex.def Info: ./Screenshot/Medium-11.png  used on input line 356.
(pdftex.def)             Requested size: 289.08223pt x 162.60875pt.
 (../Medium-12.sql) [18 <./Screenshot/Medium-11.png>]
<./Screenshot/Medium-12.png, id=111, 963.6pt x 542.025pt>
File: ./Screenshot/Medium-12.png Graphic file (type png)
<use ./Screenshot/Medium-12.png>
Package pdftex.def Info: ./Screenshot/Medium-12.png  used on input line 371.
(pdftex.def)             Requested size: 289.08223pt x 162.60875pt.
 (../Medium-13.sql) [19 <./Screenshot/Medium-12.png>]
<./Screenshot/Medium-13.png, id=117, 963.6pt x 542.025pt>
File: ./Screenshot/Medium-13.png Graphic file (type png)
<use ./Screenshot/Medium-13.png>
Package pdftex.def Info: ./Screenshot/Medium-13.png  used on input line 385.
(pdftex.def)             Requested size: 289.08223pt x 162.60875pt.
 (../Medium-14.sql) [20 <./Screenshot/Medium-13.png>]
<./Screenshot/Medium-14.png, id=122, 963.6pt x 542.025pt>
File: ./Screenshot/Medium-14.png Graphic file (type png)
<use ./Screenshot/Medium-14.png>
Package pdftex.def Info: ./Screenshot/Medium-14.png  used on input line 401.
(pdftex.def)             Requested size: 289.08223pt x 162.60875pt.
 (../Medium-15.sql) [21 <./Screenshot/Medium-14.png>]
<./Screenshot/Medium-15.png, id=127, 963.6pt x 542.025pt>
File: ./Screenshot/Medium-15.png Graphic file (type png)
<use ./Screenshot/Medium-15.png>
Package pdftex.def Info: ./Screenshot/Medium-15.png  used on input line 416.
(pdftex.def)             Requested size: 289.08223pt x 162.60875pt.
 (../Medium-16.sql) [22 <./Screenshot/Medium-15.png>]
<./Screenshot/Medium-16.png, id=132, 963.6pt x 542.025pt>
File: ./Screenshot/Medium-16.png Graphic file (type png)
<use ./Screenshot/Medium-16.png>
Package pdftex.def Info: ./Screenshot/Medium-16.png  used on input line 430.
(pdftex.def)             Requested size: 289.08223pt x 162.60875pt.
 (../Medium-17.sql)
<./Screenshot/Medium-17.png, id=133, 963.6pt x 542.025pt>
File: ./Screenshot/Medium-17.png Graphic file (type png)
<use ./Screenshot/Medium-17.png>
Package pdftex.def Info: ./Screenshot/Medium-17.png  used on input line 443.
(pdftex.def)             Requested size: 289.08223pt x 162.60875pt.
 [23 <./Screenshot/Medium-16.png> <./Screenshot/Medium-17.png>] (../Hard-1.sql) [24]
<./Screenshot/Hard-1.png, id=142, 963.6pt x 542.025pt>
File: ./Screenshot/Hard-1.png Graphic file (type png)
<use ./Screenshot/Hard-1.png>
Package pdftex.def Info: ./Screenshot/Hard-1.png  used on input line 466.
(pdftex.def)             Requested size: 289.08223pt x 162.60875pt.
LaTeX Font Info:    External font `cmex10' loaded for size
(Font)              <7> on input line 470.
LaTeX Font Info:    External font `cmex10' loaded for size
(Font)              <5> on input line 470.
 (../Hard-2.sql) [25 <./Screenshot/Hard-1.png>]
<./Screenshot/Hard-2.png, id=150, 963.6pt x 542.025pt>
File: ./Screenshot/Hard-2.png Graphic file (type png)
<use ./Screenshot/Hard-2.png>
Package pdftex.def Info: ./Screenshot/Hard-2.png  used on input line 480.
(pdftex.def)             Requested size: 289.08223pt x 162.60875pt.
 (../Hard-3.sql)
Overfull \hbox (1.1618pt too wide) in paragraph at lines 490--491
\OT1/cmr/m/n/10 at-tend-ing[]physician[]id pada tabel ad-mis-sions meru-juk ke physi-cian[]id
 []


Overfull \hbox (1.54512pt too wide) in paragraph at lines 491--492
[]\OT1/cmr/m/n/10 Baris 7 : Den-gan kon-disi di-mana pri-mary[]diagnosis dari pasien adalah
 []

[26 <./Screenshot/Hard-2.png>]
<./Screenshot/Hard-3.png, id=155, 963.6pt x 542.025pt>
File: ./Screenshot/Hard-3.png Graphic file (type png)
<use ./Screenshot/Hard-3.png>
Package pdftex.def Info: ./Screenshot/Hard-3.png  used on input line 496.
(pdftex.def)             Requested size: 289.08223pt x 162.60875pt.
 (../Hard-4.sql) [27 <./Screenshot/Hard-3.png>]
<./Screenshot/Hard-4.png, id=160, 963.6pt x 542.025pt>
File: ./Screenshot/Hard-4.png Graphic file (type png)
<use ./Screenshot/Hard-4.png>
Package pdftex.def Info: ./Screenshot/Hard-4.png  used on input line 516.
(pdftex.def)             Requested size: 289.08223pt x 162.60875pt.
 (../Hard-5.sql) [28 <./Screenshot/Hard-4.png>]
<./Screenshot/Hard-5.png, id=165, 963.6pt x 542.025pt>
File: ./Screenshot/Hard-5.png Graphic file (type png)
<use ./Screenshot/Hard-5.png>
Package pdftex.def Info: ./Screenshot/Hard-5.png  used on input line 536.
(pdftex.def)             Requested size: 289.08223pt x 162.60875pt.
 (../Hard-6.sql) [29 <./Screenshot/Hard-5.png>]
<./Screenshot/Hard-6.png, id=170, 963.6pt x 542.025pt>
File: ./Screenshot/Hard-6.png Graphic file (type png)
<use ./Screenshot/Hard-6.png>
Package pdftex.def Info: ./Screenshot/Hard-6.png  used on input line 552.
(pdftex.def)             Requested size: 289.08223pt x 162.60875pt.
 (../Hard-7.sql) [30 <./Screenshot/Hard-6.png>]
<./Screenshot/Hard-7.png, id=175, 963.6pt x 542.025pt>
File: ./Screenshot/Hard-7.png Graphic file (type png)
<use ./Screenshot/Hard-7.png>
Package pdftex.def Info: ./Screenshot/Hard-7.png  used on input line 578.
(pdftex.def)             Requested size: 289.08223pt x 162.60875pt.
 (../Hard-8.sql) [31 <./Screenshot/Hard-7.png>]
<./Screenshot/Hard-8.png, id=181, 963.6pt x 542.025pt>
File: ./Screenshot/Hard-8.png Graphic file (type png)
<use ./Screenshot/Hard-8.png>
Package pdftex.def Info: ./Screenshot/Hard-8.png  used on input line 591.
(pdftex.def)             Requested size: 289.08223pt x 162.60875pt.
 [32 <./Screenshot/Hard-8.png>] (laporan.aux) ) 
Here is how much of TeX's memory you used:
 4157 strings out of 478582
 64493 string characters out of 2854162
 698670 words of memory out of 3000000
 22239 multiletter control sequences out of 15000+600000
 473878 words of font info for 44 fonts, out of 8000000 for 9000
 1141 hyphenation exceptions out of 8191
 55i,8n,62p,424b,1534s stack positions out of 10000i,1000n,20000p,200000b,80000s
 <C:\Users\Dani\AppData\Local\MiKTeX\fonts/pk/ljfour/jknappen/ec/dpi600\tcrm1000.pk><C:/Program Files/MiKTeX/fonts/type1/public/amsfonts/cm/cmbx10.pfb><C:/Program Files/MiKTeX/fonts/type1/public/amsfonts/cm/cmbx12.pfb><C:/Program Files/MiKTeX/fonts/type1/public/amsfonts/cm/cmmi10.pfb><C:/Program Files/MiKTeX/fonts/type1/public/amsfonts/cm/cmr10.pfb><C:/Program Files/MiKTeX/fonts/type1/public/amsfonts/cm/cmr12.pfb><C:/Program Files/MiKTeX/fonts/type1/public/amsfonts/cm/cmr17.pfb><C:/Program Files/MiKTeX/fonts/type1/public/amsfonts/cm/cmr5.pfb><C:/Program Files/MiKTeX/fonts/type1/public/amsfonts/cm/cmr7.pfb><C:/Program Files/MiKTeX/fonts/type1/public/amsfonts/cm/cmtt8.pfb>
Output written on laporan.pdf (32 pages, 5312325 bytes).
PDF statistics:
 228 PDF objects out of 1000 (max. 8388607)
 0 named destinations out of 1000 (max. 500000)
 181 words of extra memory for PDF output out of 10000 (max. 10000000)

